<?xml version="1.0" encoding="UTF-8"?>
<!-- Generated by org.testng.reporters.JUnitReportReporter -->
<testsuite hostname="Rajesh" failures="0" tests="3" name="Github_API_test.Github_api_test" time="5.439" errors="0" timestamp="2023-07-02T15:29:01 IST" skipped="2">
  <testcase classname="Github_API_test.Github_api_test" name="Create_Fork" time="5.439"/>
  <system-out/>
  <testcase classname="Github_API_test.Github_api_test" name="Delete_an_auto_link_from_a_repos">
    <skipped/>
  </testcase> <!-- Delete_an_auto_link_from_a_repos -->
  <system-out/>
  <testcase classname="Github_API_test.Github_api_test" name="Delete_Repo">
    <skipped/>
  </testcase> <!-- Delete_Repo -->
  <system-out/>
</testsuite> <!-- Github_API_test.Github_api_test -->
